<?xml version="1.0" encoding="UTF-8"?>
<testng-results skipped="0" failed="0" ignored="0" total="4" passed="4">
  <reporter-output>
    <line>
      <![CDATA[LoginTest successfully executed]]>
    </line>
  </reporter-output>
  <suite name="Data Driver Basics" duration-ms="4877" started-at="2020-06-26T23:48:58Z" finished-at="2020-06-26T23:49:03Z">
    <groups>
    </groups>
    <test name="Bank Manager LoginTest" duration-ms="3144" started-at="2020-06-26T23:48:58Z" finished-at="2020-06-26T23:49:01Z">
      <class name="com.w2a.testcases.BangkManagerLoginTest">
        <test-method status="PASS" signature="loginAsBankManager()[pri:0, instance:com.w2a.testcases.BangkManagerLoginTest@3116c353]" name="loginAsBankManager" duration-ms="3112" started-at="2020-06-26T23:48:58Z" finished-at="2020-06-26T23:49:01Z">
          <reporter-output>
            <line>
              <![CDATA[LoginTest successfully executed]]>
            </line>
          </reporter-output>
        </test-method> <!-- loginAsBankManager -->
      </class> <!-- com.w2a.testcases.BangkManagerLoginTest -->
    </test> <!-- Bank Manager LoginTest -->
    <test name="Add Customer Test" duration-ms="1417" started-at="2020-06-26T23:49:01Z" finished-at="2020-06-26T23:49:03Z">
      <class name="com.w2a.testcases.AddCustomerTest">
        <test-method status="PASS" signature="setUp()[pri:0, instance:com.w2a.testcases.AddCustomerTest@59e2d8e3]" name="setUp" is-config="true" duration-ms="8498" started-at="2020-06-26T23:48:49Z" finished-at="2020-06-26T23:48:58Z">
          <reporter-output>
          </reporter-output>
        </test-method> <!-- setUp -->
        <test-method status="PASS" signature="AddCustomer(java.lang.String, java.lang.String, java.lang.String, java.lang.String)[pri:0, instance:com.w2a.testcases.AddCustomerTest@59e2d8e3]" name="AddCustomer" duration-ms="811" started-at="2020-06-26T23:49:01Z" data-provider="getData" finished-at="2020-06-26T23:49:02Z">
          <params>
            <param index="0">
              <value>
                <![CDATA[Mridul]]>
              </value>
            </param>
            <param index="1">
              <value>
                <![CDATA[Shrestha]]>
              </value>
            </param>
            <param index="2">
              <value>
                <![CDATA[55024.0]]>
              </value>
            </param>
            <param index="3">
              <value>
                <![CDATA[Customer added successfully]]>
              </value>
            </param>
          </params>
          <reporter-output>
          </reporter-output>
        </test-method> <!-- AddCustomer -->
        <test-method status="PASS" signature="AddCustomer(java.lang.String, java.lang.String, java.lang.String, java.lang.String)[pri:0, instance:com.w2a.testcases.AddCustomerTest@59e2d8e3]" name="AddCustomer" duration-ms="289" started-at="2020-06-26T23:49:02Z" data-provider="getData" finished-at="2020-06-26T23:49:02Z">
          <params>
            <param index="0">
              <value>
                <![CDATA[Bedana]]>
              </value>
            </param>
            <param index="1">
              <value>
                <![CDATA[Karmacharya]]>
              </value>
            </param>
            <param index="2">
              <value>
                <![CDATA[55423.0]]>
              </value>
            </param>
            <param index="3">
              <value>
                <![CDATA[Customer added successfully]]>
              </value>
            </param>
          </params>
          <reporter-output>
          </reporter-output>
        </test-method> <!-- AddCustomer -->
        <test-method status="PASS" signature="AddCustomer(java.lang.String, java.lang.String, java.lang.String, java.lang.String)[pri:0, instance:com.w2a.testcases.AddCustomerTest@59e2d8e3]" name="AddCustomer" duration-ms="265" started-at="2020-06-26T23:49:02Z" data-provider="getData" finished-at="2020-06-26T23:49:03Z">
          <params>
            <param index="0">
              <value>
                <![CDATA[Shyamji]]>
              </value>
            </param>
            <param index="1">
              <value>
                <![CDATA[Newyorkwale]]>
              </value>
            </param>
            <param index="2">
              <value>
                <![CDATA[55025.0]]>
              </value>
            </param>
            <param index="3">
              <value>
                <![CDATA[Customer added successfully]]>
              </value>
            </param>
          </params>
          <reporter-output>
          </reporter-output>
        </test-method> <!-- AddCustomer -->
        <test-method status="PASS" signature="tearDown()[pri:0, instance:com.w2a.testcases.AddCustomerTest@59e2d8e3]" name="tearDown" is-config="true" duration-ms="771" started-at="2020-06-26T23:49:03Z" finished-at="2020-06-26T23:49:03Z">
          <reporter-output>
          </reporter-output>
        </test-method> <!-- tearDown -->
      </class> <!-- com.w2a.testcases.AddCustomerTest -->
    </test> <!-- Add Customer Test -->
  </suite> <!-- Data Driver Basics -->
</testng-results>
