<?xml version="1.0" encoding="UTF-8"?>
<!-- Generated by org.testng.reporters.JUnitXMLReporter -->
<testsuite hostname="DESKTOP-L49GJNQ" ignored="0" name="Add Customer Test" tests="3" failures="3" timestamp="27 Jun 2020 15:21:38 GMT" time="4.866" errors="0">
  <testcase name="AddCustomer" time="1.162" classname="com.w2a.testcases.AddCustomerTest">
    <failure type="java.lang.AssertionError" message="null">
      <![CDATA[java.lang.AssertionError: null
at com.w2a.testcases.AddCustomerTest.AddCustomer(AddCustomerTest.java:31)
... Removed 31 stack frames]]>
    </failure>
  </testcase> <!-- AddCustomer -->
  <testcase name="AddCustomer" time="0.39" classname="com.w2a.testcases.AddCustomerTest">
    <failure type="java.lang.AssertionError" message="null">
      <![CDATA[java.lang.AssertionError: null
at com.w2a.testcases.AddCustomerTest.AddCustomer(AddCustomerTest.java:31)
... Removed 31 stack frames]]>
    </failure>
  </testcase> <!-- AddCustomer -->
  <testcase name="AddCustomer" time="0.427" classname="com.w2a.testcases.AddCustomerTest">
    <failure type="java.lang.AssertionError" message="null">
      <![CDATA[java.lang.AssertionError: null
at com.w2a.testcases.AddCustomerTest.AddCustomer(AddCustomerTest.java:31)
... Removed 31 stack frames]]>
    </failure>
  </testcase> <!-- AddCustomer -->
</testsuite> <!-- Add Customer Test -->
