<?xml version="1.0" encoding="UTF-8"?>
<!-- Generated by org.testng.reporters.JUnitXMLReporter -->
<testsuite hostname="DESKTOP-L49GJNQ" ignored="0" name="Add Customer Test" tests="3" failures="0" timestamp="26 Jun 2020 23:49:03 GMT" time="1.417" errors="0">
  <testcase name="AddCustomer" time="0.811" classname="com.w2a.testcases.AddCustomerTest"/>
  <testcase name="AddCustomer" time="0.289" classname="com.w2a.testcases.AddCustomerTest"/>
  <testcase name="AddCustomer" time="0.265" classname="com.w2a.testcases.AddCustomerTest"/>
</testsuite> <!-- Add Customer Test -->
